2024-07-02 16:35:34.720 | INFO     | config.config:load_config:23 - Carregando arquivo de configuração de config/config.yaml
2024-07-02 16:35:34.722 | INFO     | config.config:load_config:28 - Arquivo de configuração carregado com sucesso.
2024-07-02 16:35:34.722 | DEBUG    | config.config:load_config:42 - search_phrase configurado para: Brazil
2024-07-02 16:35:34.723 | DEBUG    | config.config:load_config:43 - category configurado para: World & Nation
2024-07-02 16:35:34.723 | DEBUG    | config.config:load_config:44 - months configurado para: 1
2024-07-02 16:35:34.753 | INFO     | scraper.scraper:__init__:37 - NewsScraper initialized with config: {'search_phrase': 'Brazil', 'category': 'World & Nation', 'months': 1}
2024-07-02 16:35:34.753 | INFO     | scraper.scraper:scrape:118 - Starting scrape with search_phrase:: Brazil, category: World & Nation, months: 1
2024-07-02 16:36:29.732 | INFO     | scraper.scraper:scrape:128 - Window maximized
2024-07-02 16:36:29.931 | INFO     | scraper.scraper:scrape:139 - Search button clicked
2024-07-02 16:36:29.963 | INFO     | scraper.scraper:scrape:149 - Search field found
2024-07-02 16:36:34.844 | INFO     | scraper.scraper:scrape:157 - Search phrase: 'Brazil' sent
2024-07-02 16:36:35.012 | INFO     | scraper.scraper:scrape:166 - See All' button clicked
2024-07-02 16:36:35.043 | INFO     | scraper.scraper:scrape:181 - Filters section loaded
2024-07-02 16:36:35.108 | INFO     | scraper.scraper:scrape:192 - Filter 'World & Nation' selected
2024-07-02 16:36:35.199 | INFO     | scraper.scraper:scrape:213 - 'Newest' option selected
2024-07-02 16:36:40.322 | INFO     | scraper.downloader:download_image:29 - Image successfully downloaded: 4e7dd6da1121494f8047d2dd14fc7497.jpg
2024-07-02 16:36:40.377 | INFO     | scraper.downloader:download_image:29 - Image successfully downloaded: b0aea295ca6e4261b8835f1cb988c87d.jpg
2024-07-02 16:36:40.424 | INFO     | scraper.downloader:download_image:29 - Image successfully downloaded: 64115b7df4b342d9a1ecd43a1259e2c9.jpg
2024-07-02 16:36:40.479 | INFO     | scraper.downloader:download_image:29 - Image successfully downloaded: eaba8e2cf3704931b7ec4ba14ddd4285.jpg
2024-07-02 16:36:40.536 | INFO     | scraper.downloader:download_image:29 - Image successfully downloaded: 9322626f4e924ebba0af7e35bdb269d1.jpg
2024-07-02 16:36:40.582 | INFO     | scraper.downloader:download_image:29 - Image successfully downloaded: 54bdfbe611bb4c00932f5f3ae450fc15.jpg
2024-07-02 16:36:40.629 | INFO     | scraper.downloader:download_image:29 - Image successfully downloaded: ap24167507540411.jpeg
2024-07-02 16:36:40.681 | INFO     | scraper.downloader:download_image:29 - Image successfully downloaded: 23aa0d44c3a04a73baa96cfd37318481.jpg
2024-07-02 16:36:40.759 | INFO     | scraper.downloader:download_image:29 - Image successfully downloaded: 36c779188d8945d3a4fd2e10beaf780e.jpg
2024-07-02 16:36:40.816 | INFO     | scraper.downloader:download_image:29 - Image successfully downloaded: 545e074dd9854cd1932c0bbce2936737.jpg
2024-07-02 16:36:40.846 | INFO     | scraper.scraper:save_data_to_excel:83 - Data saved in post_data.xlsx file
2024-07-02 16:37:04.687 | INFO     | scraper.scraper:scrape:286 - Navigating to the next page
2024-07-02 16:37:04.843 | INFO     | scraper.downloader:download_image:29 - Image successfully downloaded: e959f3e9c4c4423b803a93756413bd54.jpg
2024-07-02 16:37:04.894 | INFO     | scraper.downloader:download_image:29 - Image successfully downloaded: israel-palestinians-70117.jpg
2024-07-02 16:37:04.895 | INFO     | scraper.scraper:scrape:251 - Previous post found before the date limit: 2024-05-29
2024-07-02 16:37:04.909 | INFO     | scraper.scraper:save_data_to_excel:83 - Data saved in post_data.xlsx file
2024-07-02 16:37:07.091 | INFO     | scraper.scraper:scrape:295 - Browser closed, scraping completed
